<?xml version="1.0" encoding="UTF-8"?>
<!-- Generated by org.testng.reporters.JUnitReportReporter -->
<testsuite hostname="DESKTOP-NUEEGJG" failures="0" tests="1" name="tests.day11.C03_TestBaseIlkTest" time="7.723" errors="0" timestamp="2022-02-13T21:38:47 CET" skipped="0">
  <testcase classname="tests.day11.C03_TestBaseIlkTest" name="test01" time="7.723"/>
  <system-out/>
</testsuite> <!-- tests.day11.C03_TestBaseIlkTest -->
